### ISSUE TITLE
assertion failed [server.cc +3490] ircd::buffer::const_buffer ircd::server::tag::read_chunk_dynamic_content(const ircd::buffer::const_buffer&, bool&) :state.content_length >= state.content_read

### ISSUE THREAD

**Issue by yangm97** [matrix-construct/construct#116]
```
2019/08/04 08:03:47.523495 1094106     INFO m.receipt       36 client     :$AM7UcLoFhgPwxvJRoeP3iVn_FcFr1TEtxQDYylgKikQ read by @yan:yetanothernerd.xyz in !SBhXJMAXVDBrgspxgk:m.trnsz.com @ 1564931027430

assertion failed [server.cc +3490] ircd::buffer::const_buffer ircd::server::tag::read_chunk_dynamic_content(const ircd::buffer::const_buffer&, bool&) :state.content_length >= state.content_read

Program received signal SIGTRAP, Trace/breakpoint trap.
-----------------------------------------------------------------------------------------------------------------------[regs]
  RAX: 0x000055555558BEE0  RBX: 0x00005555645E9490  RBP: 0x000055557B041D70  RSP: 0x00007FFFFFFFE1C8  o d I t s z a p c
  RDI: 0x0000000000000000  RSI: 0x00000000000000C3  RDX: 0x00007FFFF75BF8B0  RCX: 0x0000000000000000  RIP: 0x00007FFFF7A64741
  R8 : 0x00000000000000C3  R9 : 0x00000000FFFFFFFF  R10: 0x00000000000000A9  R11: 0x00007FFFF7A64740  R12: 0x00007FFFFFFFE290
  R13: 0x00007FFFF4E3DAA0  R14: 0x00007FFFFFFFE300  R15: 0x0000000000000001
  CS: 0033  DS: 0000  ES: 0000  FS: 0000  GS: 0000  SS: 002B
-----------------------------------------------------------------------------------------------------------------------[code]
=> 0x7ffff7a64741 <ircd::debugtrap()+1>:        ret
   0x7ffff7a64742:      data16 nop WORD PTR cs:[rax+rax*1+0x0]
   0x7ffff7a6474d:      nop    DWORD PTR [rax]
   0x7ffff7a64750 <__assert_fail(char const*, char const*, unsigned int, char const*)>: sub    rsp,0x8
   0x7ffff7a64754 <__assert_fail(char const*, char const*, unsigned int, char const*)+4>:       mov    r10,rdi
   0x7ffff7a64757 <__assert_fail(char const*, char const*, unsigned int, char const*)+7>:       mov    r11,rsi
   0x7ffff7a6475a <__assert_fail(char const*, char const*, unsigned int, char const*)+10>:      mov    r9,rcx
   0x7ffff7a6475d <__assert_fail(char const*, char const*, unsigned int, char const*)+13>:      mov    ecx,0x9
-----------------------------------------------------------------------------------------------------------------------------
0x00007ffff7a64741 in ircd::debugtrap () at assert.cc:109
109                     __asm__ volatile ("int $3");
gdb$
gdb$ bt
#0  0x00007ffff7a64741 in ircd::debugtrap () at assert.cc:109
#1  0x00007ffff7a647c0 in __assert_fail (__assertion=<optimized out>, __assertion@entry=0x7ffff7eacd78 "state.content_length >= state.content_read", __file=__file@entry=0x7ffff7ea288e "server.cc", __line=__line@entry=0xda2, __function=__function@entry=0x7ffff7ee4540 <ircd::server::tag::read_chunk_dynamic_content(ircd::buffer::const_buffer const&, bool&)::__PRETTY_FUNCTION__> "ircd::buffer::const_buffer ircd::server::tag::read_chunk_dynamic_content(const ircd::buffer::const_buffer&, bool&)") at assert.cc:61
#2  0x00007ffff7c423bf in ircd::server::tag::read_chunk_dynamic_content (this=this@entry=0x5555645e9490, buffer=..., done=@0x7fffffffe300: 0x0) at /usr/include/c++/8/bits/stl_pair.h:260
#3  0x00007ffff7c43553 in ircd::server::tag::read_buffer (this=this@entry=0x5555645e9490, buffer=..., done=@0x7fffffffe300: 0x0, link=...) at server.cc:2855
#4  0x00007ffff7c43656 in ircd::server::link::process_read_next (this=this@entry=0x55556af92530, underrun=..., tag=..., done=@0x7fffffffe300: 0x0) at server.cc:2234
#5  0x00007ffff7c437ae in ircd::server::link::process_read (this=this@entry=0x55556af92530, overrun=...) at server.cc:2184
#6  0x00007ffff7c43a8f in ircd::server::link::handle_readable_success (this=this@entry=0x55556af92530) at server.cc:2138
#7  0x00007ffff7c43bb2 in ircd::server::link::handle_readable (this=0x55556af92530, ec=...) at server.cc:2100
#8  0x00007ffff7b85260 in std::__invoke_impl<void, void (ircd::ctx::pool::*&)() noexcept, ircd::ctx::pool*&>(std::__invoke_memfun_deref, void (ircd::ctx::pool::*&)() noexcept, ircd::ctx::pool*&) (__t=<optimized out>, __f=<optimized out>) at /usr/include/c++/8/bits/invoke.h:89
#9  std::__invoke<void (ircd::ctx::pool::*&)() noexcept, ircd::ctx::pool*&>(void (ircd::ctx::pool::*&)() noexcept, ircd::ctx::pool*&) (__fn=<optimized out>) at /usr/include/c++/8/bits/invoke.h:95
#10 std::_Bind<void (ircd::ctx::pool::*(ircd::ctx::pool*))() noexcept>::__call<void, , 0ul>(std::tuple<>&&, std::_Index_tuple<0ul>) (__args=..., this=<optimized out>) at /usr/include/c++/8/functional:400
#11 std::_Bind<void (ircd::ctx::pool::*(ircd::ctx::pool*))() noexcept>::operator()<, void>() (this=<optimized out>) at /usr/include/c++/8/functional:484
#12 std::_Function_handler<void (), std::_Bind<void (ircd::ctx::pool::*(ircd::ctx::pool*))() noexcept> >::_M_invoke(std::_Any_data const&) (__functor=...) at /usr/include/c++/8/bits/std_function.h:297
#13 0x00007ffff7a66e9e in std::function<void (ircd::info::versions&, ircd::buffer::mutable_buffer const&)>::operator()(ircd::info::versions&, ircd::buffer::mutable_buffer const&) const (this=this@entry=0x7fffffffe5e0, __args#0=..., __args#1=...) at /usr/include/c++/8/bits/std_function.h:260
#14 0x00007ffff7c07b46 in ircd::net::socket::call_user(std::function<void (std::error_code const&)> const&, std::error_code const&) (this=this@entry=0x555560547e90, callback=..., ec=...) at net.cc:3980
#15 0x00007ffff7c05ad0 in ircd::net::socket::handle_ready(std::weak_ptr<ircd::net::socket>, ircd::net::ready, std::function<void (std::error_code const&)>, std::error_code, unsigned long) (this=0x555560547e90, wp=..., type=<optimized out>, callback=..., ec=..., bytes=0x1) at net.cc:3497
#16 0x00007ffff7c0e6cc in std::__invoke_impl<void, void (ircd::net::socket::* const&)(std::weak_ptr<ircd::net::socket>, ircd::net::ready, std::function<void (std::error_code const&)>, std::error_code, unsigned long) noexcept, ircd::net::socket* const&, std::weak_ptr<ircd::net::socket> const&, ircd::net::ready const&, std::function<void (std::error_code const&)> const&, std::error_code, unsigned long>(std::__invoke_memfun_deref, void (ircd::net::socket::* const&)(std::weak_ptr<ircd::net::socket>, ircd::net::ready, std::function<void (std::error_code const&)>, std::error_code, unsigned long) noexcept, ircd::net::socket* const&, std::weak_ptr<ircd::net::socket> const&, ircd::net::ready const&, std::function<void (std::error_code const&)> const&, std::error_code&&, unsigned long&&) (__t=@0x55555e2a9598: 0x555560547e90, __f=@0x55555e2a9550: (void (ircd::net::socket::*)(ircd::net::socket * const, std::weak_ptr<ircd::net::socket>, ircd::net::ready, std::function<void(const std::error_code&)>, std::error_code, unsigned long)) 0x7ffff7c05a60 <ircd::net::socket::handle_ready(std::weak_ptr<ircd::net::socket>, ircd::net::ready, std::function<void (std::error_code const&)>, std::error_code, unsigned long)>) at /usr/include/c++/8/ext/atomicity.h:96
#17 std::__invoke<void (ircd::net::socket::* const&)(std::weak_ptr<ircd::net::socket>, ircd::net::ready, std::function<void (std::error_code const&)>, std::error_code, unsigned long) noexcept, ircd::net::socket* const&, std::weak_ptr<ircd::net::socket> const&, ircd::net::ready const&, std::function<void (std::error_code const&)> const&, std::error_code, unsigned long>(void (ircd::net::socket::* const&)(std::weak_ptr<ircd::net::socket>, ircd::net::ready, std::function<void (std::error_code const&)>, std::error_code, unsigned long) noexcept, ircd::net::socket* const&, std::weak_ptr<ircd::net::socket> const&, ircd::net::ready const&, std::function<void (std::error_code const&)> const&, std::error_code&&, unsigned long&&) (__fn=@0x55555e2a9550: (void (ircd::net::socket::*)(ircd::net::socket * const, std::weak_ptr<ircd::net::socket>, ircd::net::ready, std::function<void(const std::error_code&)>, std::error_code, unsigned long)) 0x7ffff7c05a60 <ircd::net::socket::handle_ready(std::weak_ptr<ircd::net::socket>, ircd::net::ready, std::function<void (std::error_code const&)>, std::error_code, unsigned long)>) at /usr/include/c++/8/bits/invoke.h:95
#18 std::_Bind<void (ircd::net::socket::*(ircd::net::socket*, std::weak_ptr<ircd::net::socket>, ircd::net::ready, std::function<void (std::error_code const&)>, std::_Placeholder<1>, std::_Placeholder<2>))(std::weak_ptr<ircd::net::socket>, ircd::net::ready, std::function<void (std::error_code const&)>, std::error_code, unsigned long) noexcept>::__call_c<void, std::error_code&&, unsigned long&&, 0ul, 1ul, 2ul, 3ul, 4ul, 5ul>(std::tuple<std::error_code&&, unsigned long&&>&&, std::_Index_tuple<0ul, 1ul, 2ul, 3ul, 4ul, 5ul>) const (__args=..., this=0x55555e2a9550) at /usr/include/c++/8/functional:410
#19 std::_Bind<void (ircd::net::socket::*(ircd::net::socket*, std::weak_ptr<ircd::net::socket>, ircd::net::ready, std::function<void (std::error_code const&)>, std::_Placeholder<1>, std::_Placeholder<2>))(std::weak_ptr<ircd::net::socket>, ircd::net::ready, std::function<void (std::error_code const&)>, std::error_code, unsigned long) noexcept>::operator()<std::error_code, unsigned long, void>(std::error_code&&, unsigned long&&) const (this=0x55555e2a9550) at /usr/include/c++/8/functional:495
#20 ircd::net::socket::<lambda()>::operator() (__closure=0x55555e2a9550) at net.cc:3130
#21 std::_Function_handler<void(), ircd::net::socket::wait(const ircd::net::wait_opts&, ircd::net::wait_callback_ec)::<lambda()> >::_M_invoke(const std::_Any_data &) (__functor=...) at /usr/include/c++/8/bits/std_function.h:297
#22 0x00005555555695fe in std::function<void ()>::operator()() const (this=<optimized out>) at /usr/include/c++/8/bits/std_function.h:260
#23 0x00007ffff7b7b9da in ircd::ios::handle<std::function<void ()> >::operator()<>() const (this=this@entry=0x7fffffffe690) at /usr/include/c++/8/bits/unique_ptr.h:342
#24 0x00007ffff7b7ba50 in boost::asio::asio_handler_invoke<ircd::ios::handle<std::function<void ()> > >(ircd::ios::handle<std::function<void ()> >&, ...) (function=...) at /usr/include/boost/asio/handler_invoke_hook.hpp:67
#25 ircd::ios::asio_handler_invoke<ircd::ios::handle<std::function<void ()> >, std::function<void ()> >(ircd::ios::handle<std::function<void ()> >&, ircd::ios::handle<std::function<void ()> >*) (f=..., h=h@entry=0x7fffffffe690) at ios.h:222
#26 0x00007ffff7b7bb29 in boost_asio_handler_invoke_helpers::invoke<ircd::ios::handle<std::function<void ()> >, ircd::ios::handle<std::function<void ()> > >(ircd::ios::handle<std::function<void ()> >&, ircd::ios::handle<std::function<void ()> >&) (context=..., function=...) at /usr/include/boost/asio/detail/handler_invoke_helpers.hpp:30
#27 boost::asio::system_executor::dispatch<ircd::ios::handle<std::function<void ()> >, std::allocator<void> >(ircd::ios::handle<std::function<void ()> >&&, std::allocator<void> const&) const (this=this@entry=0x7fffffffe6ef, f=...) at /usr/include/boost/asio/impl/system_executor.hpp:39
#28 0x00007ffff7b7c1d9 in boost::asio::detail::work_dispatcher<ircd::ios::handle<std::function<void ()> > >::operator()() (this=0x7fffffffe710) at /usr/include/boost/asio/detail/work_dispatcher.hpp:54
#29 boost::asio::asio_handler_invoke<boost::asio::detail::work_dispatcher<ircd::ios::handle<std::function<void ()> > > >(boost::asio::detail::work_dispatcher<ircd::ios::handle<std::function<void ()> > >&, ...) (function=...) at /usr/include/boost/asio/handler_invoke_hook.hpp:69
#30 boost_asio_handler_invoke_helpers::invoke<boost::asio::detail::work_dispatcher<ircd::ios::handle<std::function<void ()> > >, boost::asio::detail::work_dispatcher<ircd::ios::handle<std::function<void ()> > > >(boost::asio::detail::work_dispatcher<ircd::ios::handle<std::function<void ()> > >&, boost::asio::detail::work_dispatcher<ircd::ios::handle<std::function<void ()> > >&) (context=..., function=...) at /usr/include/boost/asio/detail/handler_invoke_helpers.hpp:37
#31 boost::asio::detail::executor_op<boost::asio::detail::work_dispatcher<ircd::ios::handle<std::function<void ()> > >, std::allocator<void>, boost::asio::detail::scheduler_operation>::do_complete(void*, boost::asio::detail::scheduler_operation*, boost::system::error_code const&, unsigned long) (owner=0x5555558aab20, base=<optimized out>) at /usr/include/boost/asio/detail/executor_op.hpp:70
#32 0x000055555555a0c8 in boost::asio::detail::scheduler_operation::complete (bytes_transferred=0x0, ec=..., owner=0x5555558aab20, this=0x5555650d7cd0) at /usr/include/boost/asio/detail/scheduler_operation.hpp:40
#33 boost::asio::detail::scheduler::do_run_one (ec=..., this_thread=..., lock=..., this=<optimized out>) at /usr/include/boost/asio/detail/impl/scheduler.ipp:401
#34 boost::asio::detail::scheduler::run (this=0x5555558aab20, ec=...) at /usr/include/boost/asio/detail/impl/scheduler.ipp:154
#35 0x0000555555556091 in boost::asio::io_context::run (this=0x7fffffffe8c0) at /usr/include/boost/asio/impl/io_context.ipp:62
#36 main (_argc=<optimized out>, _argv=<optimized out>, _envp=<optimized out>) at construct.cc:199
gdb$ generate-core-file
warning: target file /proc/10403/cmdline contained unexpected null characters
Saved corefile core.10403
```

**Comment by yangm97** [comment]
```
2019/08/07 07:04:17.473838 688463     INFO m.receipt       93 client     :$fdtQIzSc1YIYcFGH_7p3CzjfdYeXNb5RFKT41MYNL2I read by @makish:matrix.org in !YTvKGNlinIzlkMTVRl:matrix.org @ 1565186634685

assertion failed [server.cc +3490] ircd::buffer::const_buffer ircd::server::tag::read_chunk_dynamic_content(const ircd::buffer::const_buffer&, bool&) :state.content_length >= state.content_read

Program received signal SIGTRAP, Trace/breakpoint trap.
-----------------------------------------------------------------------------------------------------------------------[regs]
  RAX: 0x000055555558CEE0  RBX: 0x00005555565AF810  RBP: 0x0000555571FDEE60  RSP: 0x00007FFFFFFFE158  o d I t s z a p c
  RDI: 0x0000000000000000  RSI: 0x0000000000000000  RDX: 0x0000000000000000  RCX: 0x0000000000000000  RIP: 0x00007FFFF79E68A5
  R8 : 0x00000000000000C3  R9 : 0x00000000FFFFFFFF  R10: 0x00000000000000AA  R11: 0x00007FFFF79E68A0  R12: 0x00007FFFFFFFE240
  R13: 0x00007FFFF526FDA0  R14: 0x00007FFFFFFFE2C0  R15: 0x0000555571FDEE50
  CS: 0033  DS: 0000  ES: 0000  FS: 0000  GS: 0000  SS: 002B
-----------------------------------------------------------------------------------------------------------------------[code]
=> 0x7ffff79e68a5 <ircd::debugtrap()+5>:        ret
   0x7ffff79e68a6:      nop    WORD PTR cs:[rax+rax*1+0x0]
   0x7ffff79e68b0 <__assert_fail(char const*, char const*, unsigned int, char const*)>: endbr64
   0x7ffff79e68b4 <__assert_fail(char const*, char const*, unsigned int, char const*)+4>:       sub    rsp,0x8
   0x7ffff79e68b8 <__assert_fail(char const*, char const*, unsigned int, char const*)+8>:       mov    rax,rdi
   0x7ffff79e68bb <__assert_fail(char const*, char const*, unsigned int, char const*)+11>:      mov    r10,rsi
   0x7ffff79e68be <__assert_fail(char const*, char const*, unsigned int, char const*)+14>:      mov    r9,rcx
   0x7ffff79e68c1 <__assert_fail(char const*, char const*, unsigned int, char const*)+17>:      mov    ecx,0x9
-----------------------------------------------------------------------------------------------------------------------------
0x00007ffff79e68a5 in ircd::debugtrap () at assert.cc:109
109                     __asm__ volatile ("int $3");
gdb$ bt
#0  0x00007ffff79e68a5 in ircd::debugtrap () at assert.cc:109
#1  0x00007ffff79e6924 in __assert_fail (__assertion=<optimized out>, __assertion@entry=0x7ffff7ebb448 "state.content_length >= state.content_read", __file=__file@entry=0x7ffff7ea5395 "server.cc", __line=__line@entry=0xda2, __function=__function@entry=0x7ffff7ebd258 "ircd::buffer::const_buffer ircd::server::tag::read_chunk_dynamic_content(const ircd::buffer::const_buffer&, bool&)") at assert.cc:61
#2  0x00007ffff7c1455b in ircd::server::tag::read_chunk_dynamic_content (this=this@entry=0x5555565af810, buffer=..., done=@0x7fffffffe2c0: 0x0) at /usr/include/c++/9/bits/stl_pair.h:260
#3  0x00007ffff7c16847 in ircd::server::tag::read_buffer (this=this@entry=0x5555565af810, buffer=..., done=@0x7fffffffe2c0: 0x0, link=...) at server.cc:2855
#4  0x00007ffff7c16cc4 in ircd::server::link::process_read_next (this=this@entry=0x55556facdb20, underrun=..., tag=..., done=@0x7fffffffe2c0: 0x0) at server.cc:2234
#5  0x00007ffff7c16e32 in ircd::server::link::process_read (this=this@entry=0x55556facdb20, overrun=...) at server.cc:2184
#6  0x00007ffff7c17183 in ircd::server::link::handle_readable_success (this=this@entry=0x55556facdb20) at server.cc:2138
#7  0x00007ffff7c172a6 in ircd::server::link::handle_readable (this=0x55556facdb20, ec=...) at server.cc:2100
#8  0x00007ffff7b336a4 in std::__invoke_impl<void, void (ircd::ctx::pool::*&)() noexcept, ircd::ctx::pool*&>(std::__invoke_memfun_deref, void (ircd::ctx::pool::*&)() noexcept, ircd::ctx::pool*&) (__t=<optimized out>, __f=<optimized out>) at /usr/include/c++/9/bits/invoke.h:89
#9  std::__invoke<void (ircd::ctx::pool::*&)() noexcept, ircd::ctx::pool*&>(void (ircd::ctx::pool::*&)() noexcept, ircd::ctx::pool*&) (__fn=<optimized out>) at /usr/include/c++/9/bits/invoke.h:95
#10 std::_Bind<void (ircd::ctx::pool::*(ircd::ctx::pool*))() noexcept>::__call<void, , 0ul>(std::tuple<>&&, std::_Index_tuple<0ul>) (__args=..., this=<optimized out>) at /usr/include/c++/9/functional:400
#11 std::_Bind<void (ircd::ctx::pool::*(ircd::ctx::pool*))() noexcept>::operator()<, void>() (this=<optimized out>) at /usr/include/c++/9/functional:484
#12 std::_Function_handler<void (), std::_Bind<void (ircd::ctx::pool::*(ircd::ctx::pool*))() noexcept> >::_M_invoke(std::_Any_data const&) (__functor=...) at /usr/include/c++/9/bits/std_function.h:300
#13 0x00007ffff79e9132 in std::function<void (ircd::info::versions&, ircd::buffer::mutable_buffer const&)>::operator()(ircd::info::versions&, ircd::buffer::mutable_buffer const&) const (this=this@entry=0x7fffffffe5b0, __args#0=..., __args#1=...) at /usr/include/c++/9/bits/std_function.h:263
#14 0x00007ffff7bcad9a in ircd::net::socket::call_user(std::function<void (std::error_code const&)> const&, std::error_code const&) (this=this@entry=0x55555a535de0, callback=..., ec=...) at net.cc:3980
#15 0x00007ffff7bc88eb in ircd::net::socket::handle_ready(std::weak_ptr<ircd::net::socket>, ircd::net::ready, std::function<void (std::error_code const&)>, std::error_code, unsigned long) (this=0x55555a535de0, wp=..., type=<optimized out>, callback=..., ec=..., bytes=0x1) at net.cc:3497
#16 0x00007ffff7bd2b14 in std::__invoke_impl<void, void (ircd::net::socket::* const&)(std::weak_ptr<ircd::net::socket>, ircd::net::ready, std::function<void (std::error_code const&)>, std::error_code, unsigned long) noexcept, ircd::net::socket* const&, std::weak_ptr<ircd::net::socket> const&, ircd::net::ready const&, std::function<void (std::error_code const&)> const&, std::error_code, unsigned long>(std::__invoke_memfun_deref, void (ircd::net::socket::* const&)(std::weak_ptr<ircd::net::socket>, ircd::net::ready, std::function<void (std::error_code const&)>, std::error_code, unsigned long) noexcept, ircd::net::socket* const&, std::weak_ptr<ircd::net::socket> const&, ircd::net::ready const&, std::function<void (std::error_code const&)> const&, std::error_code&&, unsigned long&&) (__t=@0x55557066f668: 0x55555a535de0, __f=@0x55557066f620: (void (ircd::net::socket::*)(ircd::net::socket * const, std::weak_ptr<ircd::net::socket>, ircd::net::ready, std::function<void(const std::error_code&)>, std::error_code, unsigned long)) 0x7ffff7bc8810 <ircd::net::socket::handle_ready(std::weak_ptr<ircd::net::socket>, ircd::net::ready, std::function<void (std::error_code const&)>, std::error_code, unsigned long)>) at /usr/include/c++/9/ext/atomicity.h:96
#17 std::__invoke<void (ircd::net::socket::* const&)(std::weak_ptr<ircd::net::socket>, ircd::net::ready, std::function<void (std::error_code const&)>, std::error_code, unsigned long) noexcept, ircd::net::socket* const&, std::weak_ptr<ircd::net::socket> const&, ircd::net::ready const&, std::function<void (std::error_code const&)> const&, std::error_code, unsigned long>(void (ircd::net::socket::* const&)(std::weak_ptr<ircd::net::socket>, ircd::net::ready, std::function<void (std::error_code const&)>, std::error_code, unsigned long) noexcept, ircd::net::socket* const&, std::weak_ptr<ircd::net::socket> const&, ircd::net::ready const&, std::function<void (std::error_code const&)> const&, std::error_code&&, unsigned long&&) (__fn=@0x55557066f620: (void (ircd::net::socket::*)(ircd::net::socket * const, std::weak_ptr<ircd::net::socket>, ircd::net::ready, std::function<void(const std::error_code&)>, std::error_code, unsigned long)) 0x7ffff7bc8810 <ircd::net::socket::handle_ready(std::weak_ptr<ircd::net::socket>, ircd::net::ready, std::function<void (std::error_code const&)>, std::error_code, unsigned long)>) at /usr/include/c++/9/bits/invoke.h:95
#18 std::_Bind<void (ircd::net::socket::*(ircd::net::socket*, std::weak_ptr<ircd::net::socket>, ircd::net::ready, std::function<void (std::error_code const&)>, std::_Placeholder<1>, std::_Placeholder<2>))(std::weak_ptr<ircd::net::socket>, ircd::net::ready, std::function<void (std::error_code const&)>, std::error_code, unsigned long) noexcept>::__call_c<void, std::error_code&&, unsigned long&&, 0ul, 1ul, 2ul, 3ul, 4ul, 5ul>(std::tuple<std::error_code&&, unsigned long&&>&&, std::_Index_tuple<0ul, 1ul, 2ul, 3ul, 4ul, 5ul>) const (__args=..., this=0x55557066f620) at /usr/include/c++/9/functional:410
#19 std::_Bind<void (ircd::net::socket::*(ircd::net::socket*, std::weak_ptr<ircd::net::socket>, ircd::net::ready, std::function<void (std::error_code const&)>, std::_Placeholder<1>, std::_Placeholder<2>))(std::weak_ptr<ircd::net::socket>, ircd::net::ready, std::function<void (std::error_code const&)>, std::error_code, unsigned long) noexcept>::operator()<std::error_code, unsigned long, void>(std::error_code&&, unsigned long&&) const (this=0x55557066f620) at /usr/include/c++/9/functional:495
#20 ircd::net::socket::<lambda()>::operator() (__closure=0x55557066f620) at net.cc:3130
#21 std::_Function_handler<void(), ircd::net::socket::wait(const ircd::net::wait_opts&, ircd::net::wait_callback_ec)::<lambda()> >::_M_invoke(const std::_Any_data &) (__functor=...) at /usr/include/c++/9/bits/std_function.h:300
#22 0x000055555556a1a2 in std::function<void ()>::operator()() const (this=<optimized out>) at /usr/include/c++/9/bits/std_function.h:263
#23 0x00007ffff7b2925e in ircd::ios::handle<std::function<void ()> >::operator()<>() const (this=this@entry=0x7fffffffe660) at /usr/include/c++/9/bits/unique_ptr.h:357
#24 0x00007ffff7b292e4 in boost::asio::asio_handler_invoke<ircd::ios::handle<std::function<void ()> > >(ircd::ios::handle<std::function<void ()> >&, ...) (function=...) at /usr/include/boost/asio/handler_invoke_hook.hpp:67
#25 ircd::ios::asio_handler_invoke<ircd::ios::handle<std::function<void ()> >, std::function<void ()> >(ircd::ios::handle<std::function<void ()> >&, ircd::ios::handle<std::function<void ()> >*) (f=..., h=h@entry=0x7fffffffe660) at ios.h:222
#26 0x00007ffff7b293cd in boost_asio_handler_invoke_helpers::invoke<ircd::ios::handle<std::function<void ()> >, ircd::ios::handle<std::function<void ()> > >(ircd::ios::handle<std::function<void ()> >&, ircd::ios::handle<std::function<void ()> >&) (context=..., function=...) at /usr/include/boost/asio/detail/handler_invoke_helpers.hpp:30
#27 boost::asio::system_executor::dispatch<ircd::ios::handle<std::function<void ()> >, std::allocator<void> >(ircd::ios::handle<std::function<void ()> >&&, std::allocator<void> const&) const (this=this@entry=0x7fffffffe6bf, f=...) at /usr/include/boost/asio/impl/system_executor.hpp:39
#28 0x00007ffff7b29a8d in boost::asio::detail::work_dispatcher<ircd::ios::handle<std::function<void ()> > >::operator()() (this=0x7fffffffe6e0) at /usr/include/boost/asio/detail/work_dispatcher.hpp:54
#29 boost::asio::asio_handler_invoke<boost::asio::detail::work_dispatcher<ircd::ios::handle<std::function<void ()> > > >(boost::asio::detail::work_dispatcher<ircd::ios::handle<std::function<void ()> > >&, ...) (function=...) at /usr/include/boost/asio/handler_invoke_hook.hpp:69
#30 boost_asio_handler_invoke_helpers::invoke<boost::asio::detail::work_dispatcher<ircd::ios::handle<std::function<void ()> > >, boost::asio::detail::work_dispatcher<ircd::ios::handle<std::function<void ()> > > >(boost::asio::detail::work_dispatcher<ircd::ios::handle<std::function<void ()> > >&, boost::asio::detail::work_dispatcher<ircd::ios::handle<std::function<void ()> > >&) (context=..., function=...) at /usr/include/boost/asio/detail/handler_invoke_helpers.hpp:37
#31 boost::asio::detail::executor_op<boost::asio::detail::work_dispatcher<ircd::ios::handle<std::function<void ()> > >, std::allocator<void>, boost::asio::detail::scheduler_operation>::do_complete(void*, boost::asio::detail::scheduler_operation*, boost::system::error_code const&, unsigned long) (owner=0x5555558ab8c0, base=<optimized out>) at /usr/include/boost/asio/detail/executor_op.hpp:70
#32 0x000055555555af9b in boost::asio::detail::scheduler_operation::complete (bytes_transferred=0x0, ec=..., owner=0x5555558ab8c0, this=0x55555f305ac0) at /usr/include/boost/asio/detail/scheduler_operation.hpp:40
#33 boost::asio::detail::scheduler::do_run_one (ec=..., this_thread=..., lock=..., this=<optimized out>) at /usr/include/boost/asio/detail/impl/scheduler.ipp:401
#34 boost::asio::detail::scheduler::run (this=0x5555558ab8c0, ec=...) at /usr/include/boost/asio/detail/impl/scheduler.ipp:154
#35 0x0000555555556bd5 in boost::asio::io_context::run (this=0x7fffffffe880) at /usr/include/boost/asio/impl/io_context.ipp:62
#36 main (_argc=<optimized out>, _argv=<optimized out>, _envp=<optimized out>) at construct.cc:199
gdb$ generate-core-file
warning: target file /proc/29413/cmdline contained unexpected null characters
Saved corefile core.29413
```

**Comment by yangm97** [comment]
Third time's a charm:

```
2019/08/08 13:48:42.504631 593332     INFO m.typing        85 client     :t2bot.io @telegram_278318378:t2bot.io started typing in !ZRoYuMqIQnaHamHjlH:matrix.org timeout:1.50m

assertion failed [server.cc +3490] ircd::buffer::const_buffer ircd::server::tag::read_chunk_dynamic_content(const ircd::buffer::const_buffer&, bool&) :state.content_length >= state.content_read

Program received signal SIGTRAP, Trace/breakpoint trap.
-----------------------------------------------------------------------------------------------------------------------[regs]
  RAX: 0x000055555558CEE0  RBX: 0x0000555570E54FF0  RBP: 0x0000555574241160  RSP: 0x00007FFFFFFFE158  o d I t s z a p c
  RDI: 0x0000000000000000  RSI: 0x0000000000000000  RDX: 0x0000000000000000  RCX: 0x0000000000000000  RIP: 0x00007FFFF79E68A5
  R8 : 0x00000000000000C3  R9 : 0x00000000FFFFFFFF  R10: 0x00000000000000AA  R11: 0x00007FFFF79E68A0  R12: 0x00007FFFFFFFE240
  R13: 0x000055556D51FBA0  R14: 0x00007FFFFFFFE2C0  R15: 0x0000555574241150
  CS: 0033  DS: 0000  ES: 0000  FS: 0000  GS: 0000  SS: 002B
-----------------------------------------------------------------------------------------------------------------------[code]
=> 0x7ffff79e68a5 <ircd::debugtrap()+5>:        ret
   0x7ffff79e68a6:      nop    WORD PTR cs:[rax+rax*1+0x0]
   0x7ffff79e68b0 <__assert_fail(char const*, char const*, unsigned int, char const*)>: endbr64
   0x7ffff79e68b4 <__assert_fail(char const*, char const*, unsigned int, char const*)+4>:       sub    rsp,0x8
   0x7ffff79e68b8 <__assert_fail(char const*, char const*, unsigned int, char const*)+8>:       mov    rax,rdi
   0x7ffff79e68bb <__assert_fail(char const*, char const*, unsigned int, char const*)+11>:      mov    r10,rsi
   0x7ffff79e68be <__assert_fail(char const*, char const*, unsigned int, char const*)+14>:      mov    r9,rcx
   0x7ffff79e68c1 <__assert_fail(char const*, char const*, unsigned int, char const*)+17>:      mov    ecx,0x9
-----------------------------------------------------------------------------------------------------------------------------
0x00007ffff79e68a5 in ircd::debugtrap () at assert.cc:109
109                     __asm__ volatile ("int $3");
gdb$ bt
#0  0x00007ffff79e68a5 in ircd::debugtrap () at assert.cc:109
#1  0x00007ffff79e6924 in __assert_fail (__assertion=<optimized out>, __assertion@entry=0x7ffff7ebb448 "state.content_length >= state.content_read", __file=__file@entry=0x7ffff7ea5395 "server.cc", __line=__line@entry=0xda2, __function=__function@entry=0x7ffff7ebd258 "ircd::buffer::const_buffer ircd::server::tag::read_chunk_dynamic_content(const ircd::buffer::const_buffer&, bool&)") at assert.cc:61
#2  0x00007ffff7c1455b in ircd::server::tag::read_chunk_dynamic_content (this=this@entry=0x555570e54ff0, buffer=..., done=@0x7fffffffe2c0: 0x0) at /usr/include/c++/9/bits/stl_pair.h:260
#3  0x00007ffff7c16847 in ircd::server::tag::read_buffer (this=this@entry=0x555570e54ff0, buffer=..., done=@0x7fffffffe2c0: 0x0, link=...) at server.cc:2855
#4  0x00007ffff7c16cc4 in ircd::server::link::process_read_next (this=this@entry=0x55555a5d3470, underrun=..., tag=..., done=@0x7fffffffe2c0: 0x0) at server.cc:2234
#5  0x00007ffff7c16e32 in ircd::server::link::process_read (this=this@entry=0x55555a5d3470, overrun=...) at server.cc:2184
#6  0x00007ffff7c17183 in ircd::server::link::handle_readable_success (this=this@entry=0x55555a5d3470) at server.cc:2138
#7  0x00007ffff7c172a6 in ircd::server::link::handle_readable (this=0x55555a5d3470, ec=...) at server.cc:2100
#8  0x00007ffff7b336a4 in std::__invoke_impl<void, void (ircd::ctx::pool::*&)() noexcept, ircd::ctx::pool*&>(std::__invoke_memfun_deref, void (ircd::ctx::pool::*&)() noexcept, ircd::ctx::pool*&) (__t=<optimized out>, __f=<optimized out>) at /usr/include/c++/9/bits/invoke.h:89
#9  std::__invoke<void (ircd::ctx::pool::*&)() noexcept, ircd::ctx::pool*&>(void (ircd::ctx::pool::*&)() noexcept, ircd::ctx::pool*&) (__fn=<optimized out>) at /usr/include/c++/9/bits/invoke.h:95
#10 std::_Bind<void (ircd::ctx::pool::*(ircd::ctx::pool*))() noexcept>::__call<void, , 0ul>(std::tuple<>&&, std::_Index_tuple<0ul>) (__args=..., this=<optimized out>) at /usr/include/c++/9/functional:400
#11 std::_Bind<void (ircd::ctx::pool::*(ircd::ctx::pool*))() noexcept>::operator()<, void>() (this=<optimized out>) at /usr/include/c++/9/functional:484
#12 std::_Function_handler<void (), std::_Bind<void (ircd::ctx::pool::*(ircd::ctx::pool*))() noexcept> >::_M_invoke(std::_Any_data const&) (__functor=...) at /usr/include/c++/9/bits/std_function.h:300
#13 0x00007ffff79e9132 in std::function<void (ircd::info::versions&, ircd::buffer::mutable_buffer const&)>::operator()(ircd::info::versions&, ircd::buffer::mutable_buffer const&) const (this=this@entry=0x7fffffffe5b0, __args#0=..., __args#1=...) at /usr/include/c++/9/bits/std_function.h:263
#14 0x00007ffff7bcad9a in ircd::net::socket::call_user(std::function<void (std::error_code const&)> const&, std::error_code const&) (this=this@entry=0x55555ce1b830, callback=..., ec=...) at net.cc:3980
#15 0x00007ffff7bc88eb in ircd::net::socket::handle_ready(std::weak_ptr<ircd::net::socket>, ircd::net::ready, std::function<void (std::error_code const&)>, std::error_code, unsigned long) (this=0x55555ce1b830, wp=..., type=<optimized out>, callback=..., ec=..., bytes=0x1) at net.cc:3497
#16 0x00007ffff7bd2b14 in std::__invoke_impl<void, void (ircd::net::socket::* const&)(std::weak_ptr<ircd::net::socket>, ircd::net::ready, std::function<void (std::error_code const&)>, std::error_code, unsigned long) noexcept, ircd::net::socket* const&, std::weak_ptr<ircd::net::socket> const&, ircd::net::ready const&, std::function<void (std::error_code const&)> const&, std::error_code, unsigned long>(std::__invoke_memfun_deref, void (ircd::net::socket::* const&)(std::weak_ptr<ircd::net::socket>, ircd::net::ready, std::function<void (std::error_code const&)>, std::error_code, unsigned long) noexcept, ircd::net::socket* const&, std::weak_ptr<ircd::net::socket> const&, ircd::net::ready const&, std::function<void (std::error_code const&)> const&, std::error_code&&, unsigned long&&) (__t=@0x555556fad7f8: 0x55555ce1b830, __f=@0x555556fad7b0: (void (ircd::net::socket::*)(ircd::net::socket * const, std::weak_ptr<ircd::net::socket>, ircd::net::ready, std::function<void(const std::error_code&)>, std::error_code, unsigned long)) 0x7ffff7bc8810 <ircd::net::socket::handle_ready(std::weak_ptr<ircd::net::socket>, ircd::net::ready, std::function<void (std::error_code const&)>, std::error_code, unsigned long)>) at /usr/include/c++/9/ext/atomicity.h:96
#17 std::__invoke<void (ircd::net::socket::* const&)(std::weak_ptr<ircd::net::socket>, ircd::net::ready, std::function<void (std::error_code const&)>, std::error_code, unsigned long) noexcept, ircd::net::socket* const&, std::weak_ptr<ircd::net::socket> const&, ircd::net::ready const&, std::function<void (std::error_code const&)> const&, std::error_code, unsigned long>(void (ircd::net::socket::* const&)(std::weak_ptr<ircd::net::socket>, ircd::net::ready, std::function<void (std::error_code const&)>, std::error_code, unsigned long) noexcept, ircd::net::socket* const&, std::weak_ptr<ircd::net::socket> const&, ircd::net::ready const&, std::function<void (std::error_code const&)> const&, std::error_code&&, unsigned long&&) (__fn=@0x555556fad7b0: (void (ircd::net::socket::*)(ircd::net::socket * const, std::weak_ptr<ircd::net::socket>, ircd::net::ready, std::function<void(const std::error_code&)>, std::error_code, unsigned long)) 0x7ffff7bc8810 <ircd::net::socket::handle_ready(std::weak_ptr<ircd::net::socket>, ircd::net::ready, std::function<void (std::error_code const&)>, std::error_code, unsigned long)>) at /usr/include/c++/9/bits/invoke.h:95
#18 std::_Bind<void (ircd::net::socket::*(ircd::net::socket*, std::weak_ptr<ircd::net::socket>, ircd::net::ready, std::function<void (std::error_code const&)>, std::_Placeholder<1>, std::_Placeholder<2>))(std::weak_ptr<ircd::net::socket>, ircd::net::ready, std::function<void (std::error_code const&)>, std::error_code, unsigned long) noexcept>::__call_c<void, std::error_code&&, unsigned long&&, 0ul, 1ul, 2ul, 3ul, 4ul, 5ul>(std::tuple<std::error_code&&, unsigned long&&>&&, std::_Index_tuple<0ul, 1ul, 2ul, 3ul, 4ul, 5ul>) const (__args=..., this=0x555556fad7b0) at /usr/include/c++/9/functional:410
#19 std::_Bind<void (ircd::net::socket::*(ircd::net::socket*, std::weak_ptr<ircd::net::socket>, ircd::net::ready, std::function<void (std::error_code const&)>, std::_Placeholder<1>, std::_Placeholder<2>))(std::weak_ptr<ircd::net::socket>, ircd::net::ready, std::function<void (std::error_code const&)>, std::error_code, unsigned long) noexcept>::operator()<std::error_code, unsigned long, void>(std::error_code&&, unsigned long&&) const (this=0x555556fad7b0) at /usr/include/c++/9/functional:495
#20 ircd::net::socket::<lambda()>::operator() (__closure=0x555556fad7b0) at net.cc:3130
#21 std::_Function_handler<void(), ircd::net::socket::wait(const ircd::net::wait_opts&, ircd::net::wait_callback_ec)::<lambda()> >::_M_invoke(const std::_Any_data &) (__functor=...) at /usr/include/c++/9/bits/std_function.h:300
#22 0x000055555556a1a2 in std::function<void ()>::operator()() const (this=<optimized out>) at /usr/include/c++/9/bits/std_function.h:263
#23 0x00007ffff7b2925e in ircd::ios::handle<std::function<void ()> >::operator()<>() const (this=this@entry=0x7fffffffe660) at /usr/include/c++/9/bits/unique_ptr.h:357
#24 0x00007ffff7b292e4 in boost::asio::asio_handler_invoke<ircd::ios::handle<std::function<void ()> > >(ircd::ios::handle<std::function<void ()> >&, ...) (function=...) at /usr/include/boost/asio/handler_invoke_hook.hpp:67
#25 ircd::ios::asio_handler_invoke<ircd::ios::handle<std::function<void ()> >, std::function<void ()> >(ircd::ios::handle<std::function<void ()> >&, ircd::ios::handle<std::function<void ()> >*) (f=..., h=h@entry=0x7fffffffe660) at ios.h:222
#26 0x00007ffff7b293cd in boost_asio_handler_invoke_helpers::invoke<ircd::ios::handle<std::function<void ()> >, ircd::ios::handle<std::function<void ()> > >(ircd::ios::handle<std::function<void ()> >&, ircd::ios::handle<std::function<void ()> >&) (context=..., function=...) at /usr/include/boost/asio/detail/handler_invoke_helpers.hpp:30
#27 boost::asio::system_executor::dispatch<ircd::ios::handle<std::function<void ()> >, std::allocator<void> >(ircd::ios::handle<std::function<void ()> >&&, std::allocator<void> const&) const (this=this@entry=0x7fffffffe6bf, f=...) at /usr/include/boost/asio/impl/system_executor.hpp:39
#28 0x00007ffff7b29a8d in boost::asio::detail::work_dispatcher<ircd::ios::handle<std::function<void ()> > >::operator()() (this=0x7fffffffe6e0) at /usr/include/boost/asio/detail/work_dispatcher.hpp:54
#29 boost::asio::asio_handler_invoke<boost::asio::detail::work_dispatcher<ircd::ios::handle<std::function<void ()> > > >(boost::asio::detail::work_dispatcher<ircd::ios::handle<std::function<void ()> > >&, ...) (function=...) at /usr/include/boost/asio/handler_invoke_hook.hpp:69
#30 boost_asio_handler_invoke_helpers::invoke<boost::asio::detail::work_dispatcher<ircd::ios::handle<std::function<void ()> > >, boost::asio::detail::work_dispatcher<ircd::ios::handle<std::function<void ()> > > >(boost::asio::detail::work_dispatcher<ircd::ios::handle<std::function<void ()> > >&, boost::asio::detail::work_dispatcher<ircd::ios::handle<std::function<void ()> > >&) (context=..., function=...) at /usr/include/boost/asio/detail/handler_invoke_helpers.hpp:37
#31 boost::asio::detail::executor_op<boost::asio::detail::work_dispatcher<ircd::ios::handle<std::function<void ()> > >, std::allocator<void>, boost::asio::detail::scheduler_operation>::do_complete(void*, boost::asio::detail::scheduler_operation*, boost::system::error_code const&, unsigned long) (owner=0x5555558ab8c0, base=<optimized out>) at /usr/include/boost/asio/detail/executor_op.hpp:70
#32 0x000055555555af9b in boost::asio::detail::scheduler_operation::complete (bytes_transferred=0x0, ec=..., owner=0x5555558ab8c0, this=0x555569db0350) at /usr/include/boost/asio/detail/scheduler_operation.hpp:40
#33 boost::asio::detail::scheduler::do_run_one (ec=..., this_thread=..., lock=..., this=<optimized out>) at /usr/include/boost/asio/detail/impl/scheduler.ipp:401
#34 boost::asio::detail::scheduler::run (this=0x5555558ab8c0, ec=...) at /usr/include/boost/asio/detail/impl/scheduler.ipp:154
#35 0x0000555555556bd5 in boost::asio::io_context::run (this=0x7fffffffe880) at /usr/include/boost/asio/impl/io_context.ipp:62
#36 main (_argc=<optimized out>, _argv=<optimized out>, _envp=<optimized out>) at construct.cc:199
gdb$ generate-core-file
warning: target file /proc/26836/cmdline contained unexpected null characters
Saved corefile core.26836
```
