### ISSUE TITLE
assertion failed [vector_view.h +52] ircd::vector_view<T>::value_type& ircd::vector_view<T>::operator[](const size_t&) const [with T = ircd::string_view; ircd::vector_view<T>::value_type = ircd::string_view; size_t = long unsigned int] :pos < size()

### ISSUE THREAD

**Issue by yangm97** [matrix-construct/construct#129]
```
2019/08/17 11:50:02.034340  76109  WARNING m.typing        62 client     :Ignoring m.typing from pixie.town for user @joepie91:pixie.town because not in room '!jxlRxnrZCsjpjDubDX:matrix.org'
2019/08/17 11:50:02.219985  76119     INFO m.typing        67 client     :t2l.io @travis:t2l.io started typing in !jxlRxnrZCsjpjDubDX:matrix.org timeout:1.50m
2019/08/17 11:50:02.231940  76129     INFO m.receipt       67 client     :$7QR8SIXebQoSClNzN72JZ9JCx7pP4PEc5u8dM1KCZ8A read by @travis:t2l.io in !jxlRxnrZCsjpjDubDX:matrix.org @ 1566067786848
2019/08/17 11:50:03.252787  76167     INFO m.typing        69 client     :t2l.io @travis:t2l.io stopped typing in !jxlRxnrZCsjpjDubDX:matrix.org timeout:0.00ns
2019/08/17 11:50:03.281854  76187     INFO m.receipt       69 client     :$g2-UXOnPJaKMpnHAK72HgzgBS_Uk7_mJ7Xc6_cv_m-M read by @travis:t2l.io in !jxlRxnrZCsjpjDubDX:matrix.org @ 1566067802025
2019/08/17 11:50:03.542115 129447  WARNING net.listen       0 *          :[matrix] @ [::]:8448 unrecognized SNI 'matrix.8v.allowed.org' offered.

assertion failed [vector_view.h +52] ircd::vector_view<T>::value_type& ircd::vector_view<T>::operator[](const size_t&) const [with T = ircd::string_view; ircd::vector_view<T>::value_type = ircd::string_view; size_t = long unsigned int] :pos < size()

Program received signal SIGTRAP, Trace/breakpoint trap.
-----------------------------------------------------------------------------------------------------------------------[regs]
  RAX: 0x00000000000000FB  RBX: 0x000055555F14FCF0  RBP: 0x000055555F14FC40  RSP: 0x00007FFFF524E4F0  o d I t s z a P c
  RDI: 0x0000000000000000  RSI: 0x0000000000000000  RDX: 0x0000000000000000  RCX: 0x0000000000000000  RIP: 0x00007FFFF0F287B2
  R8 : 0x00000000000000FB  R9 : 0x0000FF0000000000  R10: 0x00007FFFF7EA9FC1  R11: 0x0000000000000246  R12: 0x000055555F14FE68
  R13: 0x00007FFFF0F2B120  R14: 0x00005555679B784A  R15: 0x000055555F14FCF0
  CS: 0033  DS: 0000  ES: 0000  FS: 0000  GS: 0000  SS: 002B
-----------------------------------------------------------------------------------------------------------------------[code]
=> 0x7ffff0f287b2 <handle_get(ircd::client&, ircd::resource::request const&)+194>:      jmp    0x7ffff0f28726 <handle_get(ircd::client&, ircd::resource::request const&)+54>
   0x7ffff0f287b7 <handle_get(ircd::client&, ircd::resource::request const&)+199>:      mov    QWORD PTR [rsp+0x20],rax
   0x7ffff0f287bc <handle_get(ircd::client&, ircd::resource::request const&)+204>:      mov    QWORD PTR [rsp+0x28],rdx
   0x7ffff0f287c1 <handle_get(ircd::client&, ircd::resource::request const&)+209>:      lea    rdx,[rsp+0x30]
   0x7ffff0f287c6 <handle_get(ircd::client&, ircd::resource::request const&)+214>:      lea    rsi,[rsp+0x10]
   0x7ffff0f287cb <handle_get(ircd::client&, ircd::resource::request const&)+219>:      lea    rdi,[rsp+0x20]
   0x7ffff0f287d0 <handle_get(ircd::client&, ircd::resource::request const&)+224>:      call   0x7ffff0f28480
   0x7ffff0f287d5 <handle_get(ircd::client&, ircd::resource::request const&)+229>:      mov    rax,QWORD PTR [rsp+0x40]
-----------------------------------------------------------------------------------------------------------------------------
0x00007ffff0f287b2 in ircd::debugtrap () at assert.h:82
82      assert.h: No such file or directory.
gdb$ bt
#0  0x00007ffff0f287b2 in ircd::debugtrap () at assert.h:82
#1  __assert_fail (__function=<optimized out>, __line=<optimized out>, __file=<optimized out>, __assertion=<optimized out>) at assert.h:53
#2  ircd::vector_view<ircd::string_view>::operator[] (pos=<optimized out>, this=0x55555f14fe58) at vector_view.h:52
#3  handle_get (client=..., request=...) at key/server.cc:36
#4  0x00007ffff0f28b33 in std::_Function_handler<ircd::resource::response (ircd::client&, ircd::resource::request&), ircd::resource::response (*)(ircd::client&, ircd::resource::request const&)>::_M_invoke(std::_Any_data const&, ircd::client&, ircd::resource::request&) (__functor=..., __args#0=..., __args#1=...) at /usr/include/c++/9/bits/std_function.h:88
#5  0x00007ffff7c2e732 in std::function<ircd::resource::response (ircd::client&, ircd::resource::request&)>::operator()(ircd::client&, ircd::resource::request&) const (this=this@entry=0x7ffff0f2b0d8 <method_get+24>, __args#0=..., __args#1=...) at /usr/include/c++/9/bits/std_function.h:263
#6  0x00007ffff7c2a9d3 in ircd::resource::method::call_handler (this=this@entry=0x7ffff0f2b0c0 <method_get>, client=..., request=...) at resource.cc:585
#7  0x00007ffff7c2cb6f in ircd::resource::method::operator() (this=0x7ffff0f2b0c0 <method_get>, client=..., head=..., content_partial=...) at resource.cc:556
#8  0x00007ffff7c1d98d in ircd::client::resource_request (this=this@entry=0x55555f14fc40, head=...) at client.cc:878
#9  0x00007ffff7c1e44d in ircd::client::handle_request (this=this@entry=0x55555f14fc40, pc=...) at client.cc:799
#10 0x00007ffff7c1f720 in ircd::client::main (this=0x55555f14fc40) at client.cc:694
#11 0x00007ffff7c223f6 in ircd::handle_client_request (client=std::shared_ptr<ircd::client> (use count 2, weak count 1) = {...}) at /usr/include/c++/9/bits/shared_ptr_base.h:1309
#12 0x00007ffff7c2331c in std::__invoke_impl<void, void (*&)(std::shared_ptr<ircd::client>), std::shared_ptr<ircd::client>&> (__f=<optimized out>) at /usr/include/c++/9/ext/atomicity.h:96
#13 std::__invoke<void (*&)(std::shared_ptr<ircd::client>), std::shared_ptr<ircd::client>&> (__fn=<optimized out>) at /usr/include/c++/9/bits/invoke.h:95
#14 std::_Bind<void (*(std::shared_ptr<ircd::client>))(std::shared_ptr<ircd::client>)>::__call<void, , 0ul>(std::tuple<>&&, std::_Index_tuple<0ul>) (__args=..., this=<optimized out>) at /usr/include/c++/9/functional:400
#15 std::_Bind<void (*(std::shared_ptr<ircd::client>))(std::shared_ptr<ircd::client>)>::operator()<, void>() (this=<optimized out>) at /usr/include/c++/9/functional:484
#16 std::_Function_handler<void (), std::_Bind<void (*(std::shared_ptr<ircd::client>))(std::shared_ptr<ircd::client>)> >::_M_invoke(std::_Any_data const&) (__functor=...) at /usr/include/c++/9/bits/std_function.h:300
#17 0x000055555556a262 in std::function<void ()>::operator()() const (this=<optimized out>) at /usr/include/c++/9/bits/std_function.h:263
#18 0x00007ffff7b205aa in ircd::ctx::pool::work (this=this@entry=0x7ffff7fc0020 <ircd::client::pool>) at ctx.cc:1521
#19 0x00007ffff7b2171e in ircd::ctx::pool::main (this=0x7ffff7fc0020 <ircd::client::pool>) at ctx.cc:1484
#20 0x00007ffff7b23ae4 in std::__invoke_impl<void, void (ircd::ctx::pool::*&)() noexcept, ircd::ctx::pool*&>(std::__invoke_memfun_deref, void (ircd::ctx::pool::*&)() noexcept, ircd::ctx::pool*&) (__t=<optimized out>, __f=<optimized out>) at /usr/include/c++/9/bits/invoke.h:89
#21 std::__invoke<void (ircd::ctx::pool::*&)() noexcept, ircd::ctx::pool*&>(void (ircd::ctx::pool::*&)() noexcept, ircd::ctx::pool*&) (__fn=<optimized out>) at /usr/include/c++/9/bits/invoke.h:95
#22 std::_Bind<void (ircd::ctx::pool::*(ircd::ctx::pool*))() noexcept>::__call<void, , 0ul>(std::tuple<>&&, std::_Index_tuple<0ul>) (__args=..., this=<optimized out>) at /usr/include/c++/9/functional:400
#23 std::_Bind<void (ircd::ctx::pool::*(ircd::ctx::pool*))() noexcept>::operator()<, void>() (this=<optimized out>) at /usr/include/c++/9/functional:484
#24 std::_Function_handler<void (), std::_Bind<void (ircd::ctx::pool::*(ircd::ctx::pool*))() noexcept> >::_M_invoke(std::_Any_data const&) (__functor=...) at /usr/include/c++/9/bits/std_function.h:300
#25 0x000055555556a262 in std::function<void ()>::operator()() const (this=<optimized out>) at /usr/include/c++/9/bits/std_function.h:263
#26 0x00007ffff7b20cfb in ircd::ctx::ctx::operator()(boost::asio::basic_yield_context<boost::asio::executor_binder<void (*)(), boost::asio::executor> >, std::function<void ()>) (this=0x5555558b4ed0, yc=..., func=...) at ctx.cc:117
#27 0x00007ffff7b38c7b in std::__invoke_impl<void, void (ircd::ctx::ctx::*&)(boost::asio::basic_yield_context<boost::asio::executor_binder<void (*)(), boost::asio::executor> >, std::function<void ()>) noexcept, ircd::ctx::ctx*&, boost::asio::basic_yield_context<boost::asio::executor_binder<void (*)(), boost::asio::io_context::strand> > const&, std::function<void ()>&>(std::__invoke_memfun_deref, void (ircd::ctx::ctx::*&)(boost::asio::basic_yield_context<boost::asio::executor_binder<void (*)(), boost::asio::executor> >, std::function<void ()>) noexcept, ircd::ctx::ctx*&, boost::asio::basic_yield_context<boost::asio::executor_binder<void (*)(), boost::asio::io_context::strand> > const&, std::function<void ()>&) (__t=<optimized out>, __f=<optimized out>) at /usr/include/boost/asio/io_context_strand.hpp:113
#28 std::__invoke<void (ircd::ctx::ctx::*&)(boost::asio::basic_yield_context<boost::asio::executor_binder<void (*)(), boost::asio::executor> >, std::function<void ()>) noexcept, ircd::ctx::ctx*&, boost::asio::basic_yield_context<boost::asio::executor_binder<void (*)(), boost::asio::io_context::strand> > const&, std::function<void ()>&>(void (ircd::ctx::ctx::*&)(boost::asio::basic_yield_context<boost::asio::executor_binder<void (*)(), boost::asio::executor> >, std::function<void ()>) noexcept, ircd::ctx::ctx*&, boost::asio::basic_yield_context<boost::asio::executor_binder<void (*)(), boost::asio::io_context::strand> > const&, std::function<void ()>&) (__fn=<optimized out>) at /usr/include/c++/9/bits/invoke.h:95
#29 std::_Bind<void (ircd::ctx::ctx::*(ircd::ctx::ctx*, std::_Placeholder<1>, std::function<void ()>))(boost::asio::basic_yield_context<boost::asio::executor_binder<void (*)(), boost::asio::executor> >, std::function<void ()>) noexcept>::__call<void, boost::asio::basic_yield_context<boost::asio::executor_binder<void (*)(), boost::asio::io_context::strand> > const&, 0ul, 1ul, 2ul>(std::tuple<boost::asio::basic_yield_context<boost::asio::executor_binder<void (*)(), boost::asio::io_context::strand> > const&>&&, std::_Index_tuple<0ul, 1ul, 2ul>) (__args=..., this=<optimized out>) at /usr/include/c++/9/functional:400
#30 std::_Bind<void (ircd::ctx::ctx::*(ircd::ctx::ctx*, std::_Placeholder<1>, std::function<void ()>))(boost::asio::basic_yield_context<boost::asio::executor_binder<void (*)(), boost::asio::executor> >, std::function<void ()>) noexcept>::operator()<boost::asio::basic_yield_context<boost::asio::executor_binder<void (*)(), boost::asio::io_context::strand> > const&, void>(boost::asio::basic_yield_context<boost::asio::executor_binder<void (*)(), boost::asio::io_context::strand> > const&) (this=<optimized out>) at /usr/include/c++/9/functional:484
#31 boost::asio::detail::coro_entry_point<boost::asio::executor_binder<void (*)(), boost::asio::io_context::strand>, std::_Bind<void (ircd::ctx::ctx::*(ircd::ctx::ctx*, std::_Placeholder<1>, std::function<void ()>))(boost::asio::basic_yield_context<boost::asio::executor_binder<void (*)(), boost::asio::executor> >, std::function<void ()>) noexcept> >::operator()(boost::coroutines::pull_coroutine<void>&) (ca=..., this=<optimized out>) at /usr/include/boost/asio/impl/spawn.hpp:382
#32 boost::coroutines::detail::push_coroutine_object<boost::coroutines::pull_coroutine<void>, void, boost::asio::detail::coro_entry_point<boost::asio::executor_binder<void (*)(), boost::asio::io_context::strand>, std::_Bind<void (ircd::ctx::ctx::*(ircd::ctx::ctx*, std::_Placeholder<1>, std::function<void ()>))(boost::asio::basic_yield_context<boost::asio::executor_binder<void (*)(), boost::asio::executor> >, std::function<void ()>) noexcept> >&, boost::coroutines::basic_standard_stack_allocator<boost::coroutines::stack_traits> >::run() (this=this@entry=0x7ffff524ff70) at /usr/include/boost/coroutine/detail/push_coroutine_object.hpp:293
#33 0x00007ffff7b38faa in boost::coroutines::detail::trampoline_push_void<boost::coroutines::detail::push_coroutine_object<boost::coroutines::pull_coroutine<void>, void, boost::asio::detail::coro_entry_point<boost::asio::executor_binder<void (*)(), boost::asio::io_context::strand>, std::_Bind<void (ircd::ctx::ctx::*(ircd::ctx::ctx*, std::_Placeholder<1>, std::function<void ()>))(boost::asio::basic_yield_context<boost::asio::executor_binder<void (*)(), boost::asio::executor> >, std::function<void ()>) noexcept> >&, boost::coroutines::basic_standard_stack_allocator<boost::coroutines::stack_traits> > >(boost::context::detail::transfer_t) (t=...) at /usr/include/boost/coroutine/detail/trampoline_push.hpp:56
#34 0x00007ffff67d01cf in make_fcontext () from /usr/lib/x86_64-linux-gnu/libboost_context.so.1.67.0
#35 0x00007ffff7f93e80 in vtable for boost::coroutines::detail::push_coroutine_object<boost::coroutines::pull_coroutine<void>, void, boost::asio::detail::coro_entry_point<boost::asio::executor_binder<void (*)(), boost::asio::io_context::strand>, std::_Bind<void (ircd::ctx::ctx::*(ircd::ctx::ctx*, std::_Placeholder<1>, std::function<void ()>))(boost::asio::basic_yield_context<boost::asio::executor_binder<void (*)(), boost::asio::executor> >, std::function<void ()>) noexcept> >&, boost::coroutines::basic_standard_stack_allocator<boost::coroutines::stack_traits> > () from /opt/mutagen/construct/lib/libircd.so.3
#36 0x0000000000000006 in ?? ()
#37 0x0000000000000000 in ?? ()
gdb$ generate-core-file
warning: target file /proc/3617/cmdline contained unexpected null characters
Saved corefile core.3617
gdb$
```
