### ISSUE TITLE
CRITICAL Membership mismatch

### ISSUE THREAD

**Issue by yangm97** [matrix-construct/construct#130]
When forgetting some "historical" rooms, this happened:

```
2019/08/20 09:14:26.340487 599670 CRITICAL ircd            85 client     :Membership mismatch for user @yan:yetanothernerd.xyz in room !zUfdYUIng6iJnrQXVI:yetanothernerd.xyz: user:leave vs. room:

Program received signal SIGTRAP, Trace/breakpoint trap.
-----------------------------------------------------------------------------------------------------------------------[regs]
  RAX: 0x00007FFFEE35AD00  RBX: 0x00005555714D1220  RBP: 0x00005555714D14D8  RSP: 0x00007FFFF27B9040  o d I t s Z a P c
  RDI: 0x00007FFFF7EA44A9  RSI: 0x00007FFFEE35A021  RDX: 0x00007FFFF27B904C  RCX: 0x0000000000000000  RIP: 0x00007FFFEE3483B3
  R8 : 0x00007FFFEE35A018  R9 : 0x00007FFFF27B9058  R10: 0x00007FFFF27B9060  R11: 0x00007FFFF79CFD40  R12: 0x00007FFFF27B9068
  R13: 0x00007FFFF27B9060  R14: 0x0000000000000005  R15: 0x00005555714D1448
  CS: 0033  DS: 0000  ES: 0000  FS: 0000  GS: 0000  SS: 002B
-----------------------------------------------------------------------------------------------------------------------[code]
=> 0x7fffee3483b3 <post__forget(ircd::client&, ircd::resource::request const&, ircd::m::id::room const&)+1123>: mov    rax,QWORD PTR [rsp+0x40]
   0x7fffee3483b8 <post__forget(ircd::client&, ircd::resource::request const&, ircd::m::id::room const&)+1128>: mov    rdx,rax
   0x7fffee3483bb <post__forget(ircd::client&, ircd::resource::request const&, ircd::m::id::room const&)+1131>: mov    QWORD PTR [rsp+0x60],rax
   0x7fffee3483c0 <post__forget(ircd::client&, ircd::resource::request const&, ircd::m::id::room const&)+1136>: mov    rax,QWORD PTR [rsp+0x48]
   0x7fffee3483c5 <post__forget(ircd::client&, ircd::resource::request const&, ircd::m::id::room const&)+1141>: mov    QWORD PTR [rsp+0x68],rax
   0x7fffee3483ca <post__forget(ircd::client&, ircd::resource::request const&, ircd::m::id::room const&)+1146>: cmp    rdx,0x5
   0x7fffee3483ce <post__forget(ircd::client&, ircd::resource::request const&, ircd::m::id::room const&)+1150>: je     0x7fffee3483fb <post__forget(ircd::client&, ircd::resource::request const&, ircd::m::id::room const&)+1195>
   0x7fffee3483d0 <post__forget(ircd::client&, ircd::resource::request const&, ircd::m::id::room const&)+1152>: mov    eax,0x0
-----------------------------------------------------------------------------------------------------------------------------
post__forget (client=..., request=..., room_id=...) at /usr/include/c++/9/bits/char_traits.h:335
335             return __builtin_strlen(__s);
gdb$ bt
#0  post__forget (client=..., request=..., room_id=...) at /usr/include/c++/9/bits/char_traits.h:335
#1  0x00007fffee353124 in post_rooms (client=..., request=...) at client/rooms/rooms.cc:187
#2  0x00007fffee353443 in std::_Function_handler<ircd::resource::response (ircd::client&, ircd::resource::request&), ircd::resource::response (*)(ircd::client&, ircd::resource::request const&)>::_M_invoke(std::_Any_data const&, ircd::client&, ircd::resource::request&) (__functor=..., __args#0=..., __args#1=...)
    at /usr/include/c++/9/bits/std_function.h:88
#3  0x00007ffff7c3b122 in std::function<ircd::resource::response (ircd::client&, ircd::resource::request&)>::operator()(ircd::client&, ircd::resource::request&) const (this=this@entry=0x7fffee3679f8 <method_post+24>, __args#0=..., __args#1=...) at /usr/include/c++/9/bits/std_function.h:263
#4  0x00007ffff7c373c3 in ircd::resource::method::call_handler (this=this@entry=0x7fffee3679e0 <method_post>, client=..., request=...) at resource.cc:585
#5  0x00007ffff7c3955f in ircd::resource::method::operator() (this=0x7fffee3679e0 <method_post>, client=..., head=..., content_partial=...) at resource.cc:556
#6  0x00007ffff7c2a34d in ircd::client::resource_request (this=this@entry=0x5555714d1220, head=...) at client.cc:878
#7  0x00007ffff7c2ae3d in ircd::client::handle_request (this=this@entry=0x5555714d1220, pc=...) at client.cc:799
#8  0x00007ffff7c2c110 in ircd::client::main (this=0x5555714d1220) at client.cc:694
#9  0x00007ffff7c2ede6 in ircd::handle_client_request (client=std::shared_ptr<ircd::client> (use count 2, weak count 1) = {...}) at /usr/include/c++/9/bits/shared_ptr_base.h:1309
#10 0x00007ffff7c2fd0c in std::__invoke_impl<void, void (*&)(std::shared_ptr<ircd::client>), std::shared_ptr<ircd::client>&> (__f=<optimized out>) at /usr/include/c++/9/ext/atomicity.h:96
#11 std::__invoke<void (*&)(std::shared_ptr<ircd::client>), std::shared_ptr<ircd::client>&> (__fn=<optimized out>) at /usr/include/c++/9/bits/invoke.h:95
#12 std::_Bind<void (*(std::shared_ptr<ircd::client>))(std::shared_ptr<ircd::client>)>::__call<void, , 0ul>(std::tuple<>&&, std::_Index_tuple<0ul>) (__args=..., this=<optimized out>) at /usr/include/c++/9/functional:400
#13 std::_Bind<void (*(std::shared_ptr<ircd::client>))(std::shared_ptr<ircd::client>)>::operator()<, void>() (this=<optimized out>) at /usr/include/c++/9/functional:484
#14 std::_Function_handler<void (), std::_Bind<void (*(std::shared_ptr<ircd::client>))(std::shared_ptr<ircd::client>)> >::_M_invoke(std::_Any_data const&) (__functor=...) at /usr/include/c++/9/bits/std_function.h:300
#15 0x000055555556a272 in std::function<void ()>::operator()() const (this=<optimized out>) at /usr/include/c++/9/bits/std_function.h:263
#16 0x00007ffff7b2cf6a in ircd::ctx::pool::work (this=this@entry=0x7ffff7fbfee0 <ircd::client::pool>) at ctx.cc:1521
#17 0x00007ffff7b2e0de in ircd::ctx::pool::main (this=0x7ffff7fbfee0 <ircd::client::pool>) at ctx.cc:1484
#18 0x00007ffff7b304a4 in std::__invoke_impl<void, void (ircd::ctx::pool::*&)() noexcept, ircd::ctx::pool*&>(std::__invoke_memfun_deref, void (ircd::ctx::pool::*&)() noexcept, ircd::ctx::pool*&) (__t=<optimized out>, __f=<optimized out>) at /usr/include/c++/9/bits/invoke.h:89
#19 std::__invoke<void (ircd::ctx::pool::*&)() noexcept, ircd::ctx::pool*&>(void (ircd::ctx::pool::*&)() noexcept, ircd::ctx::pool*&) (__fn=<optimized out>) at /usr/include/c++/9/bits/invoke.h:95
#20 std::_Bind<void (ircd::ctx::pool::*(ircd::ctx::pool*))() noexcept>::__call<void, , 0ul>(std::tuple<>&&, std::_Index_tuple<0ul>) (__args=..., this=<optimized out>) at /usr/include/c++/9/functional:400
#21 std::_Bind<void (ircd::ctx::pool::*(ircd::ctx::pool*))() noexcept>::operator()<, void>() (this=<optimized out>) at /usr/include/c++/9/functional:484
#22 std::_Function_handler<void (), std::_Bind<void (ircd::ctx::pool::*(ircd::ctx::pool*))() noexcept> >::_M_invoke(std::_Any_data const&) (__functor=...) at /usr/include/c++/9/bits/std_function.h:300
#23 0x000055555556a272 in std::function<void ()>::operator()() const (this=<optimized out>) at /usr/include/c++/9/bits/std_function.h:263
#24 0x00007ffff7b2d6bb in ircd::ctx::ctx::operator()(boost::asio::basic_yield_context<boost::asio::executor_binder<void (*)(), boost::asio::executor> >, std::function<void ()>) (this=0x5555558bafb0, yc=..., func=...) at ctx.cc:117
#25 0x00007ffff7b4563b in std::__invoke_impl<void, void (ircd::ctx::ctx::*&)(boost::asio::basic_yield_context<boost::asio::executor_binder<void (*)(), boost::asio::executor> >, std::function<void ()>) noexcept, ircd::ctx::ctx*&, boost::asio::basic_yield_context<boost::asio::executor_binder<void (*)(), boost::asio::io_context::strand> > const&, std::function<void ()>&>(std::__invoke_memfun_deref, void (ircd::ctx::ctx::*&)(boost::asio::basic_yield_context<boost::asio::executor_binder<void (*)(), boost::asio::executor> >, std::function<void ()>) noexcept, ircd::ctx::ctx*&, boost::asio::basic_yield_context<boost::asio::executor_binder<void (*)(), boost::asio::io_context::strand> > const&, std::function<void ()>&) (__t=<optimized out>, __f=<optimized out>) at /usr/include/boost/asio/io_context_strand.hpp:113
#26 std::__invoke<void (ircd::ctx::ctx::*&)(boost::asio::basic_yield_context<boost::asio::executor_binder<void (*)(), boost::asio::executor> >, std::function<void ()>) noexcept, ircd::ctx::ctx*&, boost::asio::basic_yield_context<boost::asio::executor_binder<void (*)(), boost::asio::io_context::strand> > const&, std::function<void ()>&>(void (ircd::ctx::ctx::*&)(boost::asio::basic_yield_context<boost::asio::executor_binder<void (*)(), boost::asio::executor> >, std::function<void ()>) noexcept, ircd::ctx::ctx*&, boost::asio::basic_yield_context<boost::asio::executor_binder<void (*)(), boost::asio::io_context::strand> > const&, std::function<void ()>&) (__fn=<optimized out>) at /usr/include/c++/9/bits/invoke.h:95
#27 std::_Bind<void (ircd::ctx::ctx::*(ircd::ctx::ctx*, std::_Placeholder<1>, std::function<void ()>))(boost::asio::basic_yield_context<boost::asio::executor_binder<void (*)(), boost::asio::executor> >, std::function<void ()>) noexcept>::__call<void, boost::asio::basic_yield_context<boost::asio::executor_binder<void (*)(), boost::asio::io_context::strand> > const&, 0ul, 1ul, 2ul>(std::tuple<boost::asio::basic_yield_context<boost::asio::executor_binder<void (*)(), boost::asio::io_context::strand> > const&>&&, std::_Index_tuple<0ul, 1ul, 2ul>) (__args=..., this=<optimized out>) at /usr/include/c++/9/functional:400
#28 std::_Bind<void (ircd::ctx::ctx::*(ircd::ctx::ctx*, std::_Placeholder<1>, std::function<void ()>))(boost::asio::basic_yield_context<boost::asio::executor_binder<void (*)(), boost::asio::executor> >, std::function<void ()>) noexcept>::operator()<boost::asio::basic_yield_context<boost::asio::executor_binder<void (*)(), boost::asio::io_context::strand> > const&, void>(boost::asio::basic_yield_context<boost::asio::executor_binder<void (*)(), boost::asio::io_context::strand> > const&) (this=<optimized out>) at /usr/include/c++/9/functional:484
#29 boost::asio::detail::coro_entry_point<boost::asio::executor_binder<void (*)(), boost::asio::io_context::strand>, std::_Bind<void (ircd::ctx::ctx::*(ircd::ctx::ctx*, std::_Placeholder<1>, std::function<void ()>))(boost::asio::basic_yield_context<boost::asio::executor_binder<void (*)(), boost::asio::executor> >, std::function<void ()>) noexcept> >::operator()(boost::coroutines::pull_coroutine<void>&) (ca=..., this=<optimized out>) at /usr/include/boost/asio/impl/spawn.hpp:382
#30 boost::coroutines::detail::push_coroutine_object<boost::coroutines::pull_coroutine<void>, void, boost::asio::detail::coro_entry_point<boost::asio::executor_binder<void (*)(), boost::asio::io_context::strand>, std::_Bind<void (ircd::ctx::ctx::*(ircd::ctx::ctx*, std::_Placeholder<1>, std::function<void ()>))(boost::asio::basic_yield_context<boost::asio::executor_binder<void (*)(), boost::asio::executor> >, std::function<void ()>) noexcept> >&, boost::coroutines::basic_standard_stack_allocator<boost::coroutines::stack_traits> >::run() (this=this@entry=0x7ffff27baf70)
    at /usr/include/boost/coroutine/detail/push_coroutine_object.hpp:293
#31 0x00007ffff7b4596a in boost::coroutines::detail::trampoline_push_void<boost::coroutines::detail::push_coroutine_object<boost::coroutines::pull_coroutine<void>, void, boost::asio::detail::coro_entry_point<boost::asio::executor_binder<void (*)(), boost::asio::io_context::strand>, std::_Bind<void (ircd::ctx::ctx::*(ircd::ctx::ctx*, std::_Placeholder<1>, std::function<void ()>))(boost::asio::basic_yield_context<boost::asio::executor_binder<void (*)(), boost::asio::executor> >, std::function<void ()>) noexcept> >&, boost::coroutines::basic_standard_stack_allocator<boost::coroutines::stack_traits> > >(boost::context::detail::transfer_t) (t=...) at /usr/include/boost/coroutine/detail/trampoline_push.hpp:56
#32 0x00007ffff67dc1cf in make_fcontext () from /usr/lib/x86_64-linux-gnu/libboost_context.so.1.67.0
#33 0x00007ffff7f94220 in vtable for boost::coroutines::detail::push_coroutine_object<boost::coroutines::pull_coroutine<void>, void, boost::asio::detail::coro_entry_point<boost::asio::executor_binder<void (*)(), boost::asio::io_context::strand>, std::_Bind<void (ircd::ctx::ctx::*(ircd::ctx::ctx*, std::_Placeholder<1>, std::function<void ()>))(boost::asio::basic_yield_context<boost::asio::executor_binder<void (*)(), boost::asio::executor> >, std::function<void ()>) noexcept> >&, boost::coroutines::basic_standard_stack_allocator<boost::coroutines::stack_traits> > () from /opt/mutagen/construct/lib/libircd.so.3
#34 0x0000000000000006 in ?? ()
#35 0x0000000000000000 in ?? ()
gdb$ generate-core-file
warning: target file /proc/18642/cmdline contained unexpected null characters
Saved corefile core.18642
```
